<?xml version="1.0" encoding="UTF-8"?>
<!-- Generated by org.testng.reporters.JUnitReportReporter -->
<testsuite hostname="ARP-459" failures="0" tests="4" name="sauceDemo.tests.CreateOrderTest" time="0.851" errors="0" timestamp="2023-05-30T13:32:24 PKT" skipped="0">
  <testcase classname="sauceDemo.tests.CreateOrderTest" name="VerifyAddingItemIntoCart" time="0.120"/>
  <system-out/>
  <testcase classname="sauceDemo.tests.CreateOrderTest" name="VerifyLogin" time="0.331"/>
  <system-out/>
  <testcase classname="sauceDemo.tests.CreateOrderTest" name="VerifyOrderConfirmation" time="0.340"/>
  <system-out/>
  <testcase classname="sauceDemo.tests.CreateOrderTest" name="VerifyCheckoutFromCart" time="0.060"/>
  <system-out/>
</testsuite> <!-- sauceDemo.tests.CreateOrderTest -->
