<?xml version="1.0" encoding="UTF-8"?>
<!-- Generated by org.testng.reporters.JUnitReportReporter -->
<testsuite hostname="ARP-459" failures="0" tests="1" name="sauceDemo.tests.loginTest" time="0.359" errors="0" timestamp="2023-05-29T22:40:35 PKT" skipped="0">
  <testcase classname="sauceDemo.tests.loginTest" name="VerifyLogin" time="0.359"/>
  <system-out/>
</testsuite> <!-- sauceDemo.tests.loginTest -->
