<?xml version="1.0" encoding="UTF-8"?>
<!-- Generated by org.testng.reporters.JUnitReportReporter -->
<testsuite hostname="ARP-459" failures="0" tests="4" name="sauceDemo.tests.CreateOrderTest" time="0.862" errors="0" timestamp="2023-05-30T11:31:01 PKT" skipped="0">
  <testcase classname="sauceDemo.tests.CreateOrderTest" name="VerifyAddingItemIntoCart" time="0.154"/>
  <system-out/>
  <testcase classname="sauceDemo.tests.CreateOrderTest" name="VerifyOrderConfirmation" time="0.327"/>
  <system-out/>
  <testcase classname="sauceDemo.tests.CreateOrderTest" name="VerifyLogin" time="0.315"/>
  <system-out/>
  <testcase classname="sauceDemo.tests.CreateOrderTest" name="VerifyCheckoutFromCart" time="0.066"/>
  <system-out/>
</testsuite> <!-- sauceDemo.tests.CreateOrderTest -->
